nimble version 1.4.1 is loaded.
For more information on NIMBLE and a User Manual,
please visit https://R-nimble.org.

Attaching package: ‘nimble’

The following object is masked from ‘package:stats’:

    simulate

The following object is masked from ‘package:base’:

    declare

DPMirt version 0.1.0 -- Bayesian Semiparametric IRT Models
── Attaching core tidyverse packages ──────────────────────── tidyverse 2.0.0 ──
✔ dplyr     1.2.0     ✔ readr     2.1.6
✔ forcats   1.0.1     ✔ stringr   1.6.0
✔ ggplot2   4.0.2     ✔ tibble    3.3.1
✔ lubridate 1.9.5     ✔ tidyr     1.3.2
✔ purrr     1.2.1     
── Conflicts ────────────────────────────────────────── tidyverse_conflicts() ──
✖ dplyr::filter() masks stats::filter()
✖ dplyr::lag()    masks stats::lag()
ℹ Use the conflicted package (<http://conflicted.r-lib.org/>) to force all conflicts to become errors
=== PILOT MODE: 4 conditions x 3 reps ===

Conditions: 4
Replications per condition: 3
Total MCMC fits: 36
Item source: irw

=== Phase 1a: EQC Calibration ===
[2026-02-14 16:56:18] [INFO] === Phase 1a: EQC Calibration (30 cells) ===
[2026-02-14 16:56:18] [INFO]   [rasch_normal_rho50] c*=0.4271, achieved_rho=0.5000 (error=0.000020, status=uniroot_success)
[2026-02-14 16:56:18] [INFO]   [rasch_normal_rho60] c*=0.5072, achieved_rho=0.6000 (error=0.000000, status=uniroot_success)
[2026-02-14 16:56:19] [INFO]   [rasch_normal_rho70] c*=0.7201, achieved_rho=0.7000 (error=0.000000, status=uniroot_success)
[2026-02-14 16:56:19] [INFO]   [rasch_normal_rho80] c*=0.8702, achieved_rho=0.8000 (error=0.000007, status=uniroot_success)
[2026-02-14 16:56:19] [INFO]   [rasch_normal_rho90] c*=1.5808, achieved_rho=0.9000 (error=0.000000, status=uniroot_success)
[2026-02-14 16:56:19] [INFO]   [rasch_bimodal_rho50] c*=0.4137, achieved_rho=0.5000 (error=0.000011, status=uniroot_success)
[2026-02-14 16:56:19] [INFO]   [rasch_bimodal_rho60] c*=0.5100, achieved_rho=0.6000 (error=0.000001, status=uniroot_success)
[2026-02-14 16:56:19] [INFO]   [rasch_bimodal_rho70] c*=0.6534, achieved_rho=0.7000 (error=0.000008, status=uniroot_success)
[2026-02-14 16:56:20] [INFO]   [rasch_bimodal_rho80] c*=0.9099, achieved_rho=0.8000 (error=0.000000, status=uniroot_success)
[2026-02-14 16:56:20] [INFO]   [rasch_bimodal_rho90] c*=1.4871, achieved_rho=0.9000 (error=0.000002, status=uniroot_success)
[2026-02-14 16:56:20] [INFO]   [rasch_skew_pos_rho50] c*=0.4046, achieved_rho=0.5000 (error=0.000006, status=uniroot_success)
[2026-02-14 16:56:20] [INFO]   [rasch_skew_pos_rho60] c*=0.5221, achieved_rho=0.6000 (error=0.000001, status=uniroot_success)
[2026-02-14 16:56:20] [INFO]   [rasch_skew_pos_rho70] c*=0.6693, achieved_rho=0.7000 (error=0.000001, status=uniroot_success)
[2026-02-14 16:56:20] [INFO]   [rasch_skew_pos_rho80] c*=0.9774, achieved_rho=0.8000 (error=0.000001, status=uniroot_success)
[2026-02-14 16:56:21] [INFO]   [rasch_skew_pos_rho90] c*=1.4897, achieved_rho=0.9000 (error=0.000002, status=uniroot_success)
[2026-02-14 16:56:21] [INFO]   [2pl_normal_rho50] c*=0.3687, achieved_rho=0.5000 (error=0.000001, status=uniroot_success)
[2026-02-14 16:56:21] [INFO]   [2pl_normal_rho60] c*=0.4431, achieved_rho=0.6000 (error=0.000005, status=uniroot_success)
[2026-02-14 16:56:21] [INFO]   [2pl_normal_rho70] c*=0.7625, achieved_rho=0.7000 (error=0.000001, status=uniroot_success)
[2026-02-14 16:56:21] [INFO]   [2pl_normal_rho80] c*=0.9359, achieved_rho=0.8000 (error=0.000000, status=uniroot_success)
[2026-02-14 16:56:21] [INFO]   [2pl_normal_rho90] c*=1.3888, achieved_rho=0.9000 (error=0.000000, status=uniroot_success)
[2026-02-14 16:56:22] [INFO]   [2pl_bimodal_rho50] c*=0.3806, achieved_rho=0.5000 (error=0.000002, status=uniroot_success)
[2026-02-14 16:56:22] [INFO]   [2pl_bimodal_rho60] c*=0.4453, achieved_rho=0.6000 (error=0.000005, status=uniroot_success)
[2026-02-14 16:56:22] [INFO]   [2pl_bimodal_rho70] c*=0.8638, achieved_rho=0.7000 (error=0.000006, status=uniroot_success)
[2026-02-14 16:56:22] [INFO]   [2pl_bimodal_rho80] c*=1.0664, achieved_rho=0.8000 (error=0.000000, status=uniroot_success)
[2026-02-14 16:56:22] [INFO]   [2pl_bimodal_rho90] c*=1.4224, achieved_rho=0.9000 (error=0.000001, status=uniroot_success)
[2026-02-14 16:56:22] [INFO]   [2pl_skew_pos_rho50] c*=0.3711, achieved_rho=0.5000 (error=0.000001, status=uniroot_success)
[2026-02-14 16:56:22] [INFO]   [2pl_skew_pos_rho60] c*=0.5682, achieved_rho=0.6000 (error=0.000011, status=uniroot_success)
[2026-02-14 16:56:23] [INFO]   [2pl_skew_pos_rho70] c*=0.6487, achieved_rho=0.7000 (error=0.000005, status=uniroot_success)
[2026-02-14 16:56:23] [INFO]   [2pl_skew_pos_rho80] c*=1.1787, achieved_rho=0.8000 (error=0.000003, status=uniroot_success)
[2026-02-14 16:56:23] [INFO]   [2pl_skew_pos_rho90] c*=1.3841, achieved_rho=0.9000 (error=0.000000, status=uniroot_success)
[2026-02-14 16:56:23] [INFO] All 30 calibration cells complete.

=== Pre-computing alpha prior cache ===
Cached 8 DP prior specifications

=== Parallel computing: 4 workers (multisession) ===
Workers active: 4

=== Main Simulation Loop ===

[1/4] rasch normal N=100 rho=0.70 (id=8) -- 3 reps remaining
===== Monitors =====
thin = 1: beta, mu, myLogLik, myLogProbAll, myLogProbSome, s2.eta
===== Samplers =====
RW sampler (125)
  - beta.tmp[]  (25 elements)
  - eta[]  (100 elements)
posterior_predictive sampler (3)
  - myLogProbAll
  - myLogProbSome
  - myLogLik
conjugate sampler (2)
  - mu
  - s2.eta
thin = 1: beta, mu, myLogLik, myLogProbAll, myLogProbSome, s2.eta
thin2 = 1: eta
|-------------|-------------|-------------|-------------|
|-------------------------------------------------------|
WAIC was disabled based on the 'enableWAIC = FALSE'. You may be able to use the 'calculateWAIC' function.
===== Monitors =====
thin = 1: alpha, beta, muTilde, myLogLik, myLogProbAll, myLogProbSome, s2Tilde, zi
===== Samplers =====
RW sampler (125)
  - beta.tmp[]  (25 elements)
  - eta[]  (100 elements)
posterior_predictive sampler (3)
  - myLogProbAll
  - myLogProbSome
  - myLogLik
CRP_concentration sampler (1)
  - alpha
CRP_cluster_wrapper sampler (100)
  - muTilde[]  (50 elements)
  - s2Tilde[]  (50 elements)
CRP sampler (1)
  - zi[1:100] 
thin = 1: alpha, beta, muTilde, myLogLik, myLogProbAll, myLogProbSome, s2Tilde, zi
thin2 = 1: eta
|-------------|-------------|-------------|-------------|
|-------------------------------------------------------|
WAIC was disabled based on the 'enableWAIC = FALSE'. You may be able to use the 'calculateWAIC' function.
===== Monitors =====
thin = 1: alpha, beta, muTilde, myLogLik, myLogProbAll, myLogProbSome, s2Tilde, zi
===== Samplers =====
RW sampler (125)
  - beta.tmp[]  (25 elements)
  - eta[]  (100 elements)
posterior_predictive sampler (3)
  - myLogProbAll
  - myLogProbSome
  - myLogLik
CRP_concentration sampler (1)
  - alpha
CRP_cluster_wrapper sampler (100)
  - muTilde[]  (50 elements)
  - s2Tilde[]  (50 elements)
CRP sampler (1)
  - zi[1:100] 
thin = 1: alpha, beta, muTilde, myLogLik, myLogProbAll, myLogProbSome, s2Tilde, zi
thin2 = 1: eta
|-------------|-------------|-------------|-------------|
|-------------------------------------------------------|
WAIC was disabled based on the 'enableWAIC = FALSE'. You may be able to use the 'calculateWAIC' function.
Defining model
Building model
Setting data and initial values
Running calculate on model
  [Note] Any error reports that follow may simply reflect missing values in model variables.
Checking model sizes and dimensions
Compiling
  [Note] This may take a minute.
  [Note] Use 'showCompilerOutput = TRUE' to see C++ compilation details.
Compiling
  [Note] This may take a minute.
  [Note] Use 'showCompilerOutput = TRUE' to see C++ compilation details.
running chain 1...
Defining model
Building model
Setting data and initial values
Running calculate on model
  [Note] Any error reports that follow may simply reflect missing values in model variables.
Checking model sizes and dimensions
  [Warning] sampler_CRP: The number of clusters based on the cluster parameters
            is less than the number of potential clusters. The MCMC is not
            strictly valid if it ever proposes more components than cluster
            parameters exist; NIMBLE will warn you if this occurs.
Compiling
  [Note] This may take a minute.
  [Note] Use 'showCompilerOutput = TRUE' to see C++ compilation details.
Compiling
  [Note] This may take a minute.
  [Note] Use 'showCompilerOutput = TRUE' to see C++ compilation details.
running chain 1...
Defining model
Building model
Setting data and initial values
Running calculate on model
  [Note] Any error reports that follow may simply reflect missing values in model variables.
Checking model sizes and dimensions
  [Warning] sampler_CRP: The number of clusters based on the cluster parameters
            is less than the number of potential clusters. The MCMC is not
            strictly valid if it ever proposes more components than cluster
            parameters exist; NIMBLE will warn you if this occurs.
Compiling
  [Note] This may take a minute.
  [Note] Use 'showCompilerOutput = TRUE' to see C++ compilation details.
Compiling
  [Note] This may take a minute.
  [Note] Use 'showCompilerOutput = TRUE' to see C++ compilation details.
running chain 1...
===== Monitors =====
thin = 1: beta, mu, myLogLik, myLogProbAll, myLogProbSome, s2.eta
===== Samplers =====
RW sampler (125)
  - beta.tmp[]  (25 elements)
  - eta[]  (100 elements)
posterior_predictive sampler (3)
  - myLogProbAll
  - myLogProbSome
  - myLogLik
conjugate sampler (2)
  - mu
  - s2.eta
thin = 1: beta, mu, myLogLik, myLogProbAll, myLogProbSome, s2.eta
thin2 = 1: eta
|-------------|-------------|-------------|-------------|
|-------------------------------------------------------|
WAIC was disabled based on the 'enableWAIC = FALSE'. You may be able to use the 'calculateWAIC' function.
===== Monitors =====
thin = 1: alpha, beta, muTilde, myLogLik, myLogProbAll, myLogProbSome, s2Tilde, zi
===== Samplers =====
RW sampler (125)
  - beta.tmp[]  (25 elements)
  - eta[]  (100 elements)
posterior_predictive sampler (3)
  - myLogProbAll
  - myLogProbSome
  - myLogLik
CRP_concentration sampler (1)
  - alpha
CRP_cluster_wrapper sampler (100)
  - muTilde[]  (50 elements)
  - s2Tilde[]  (50 elements)
CRP sampler (1)
  - zi[1:100] 
thin = 1: alpha, beta, muTilde, myLogLik, myLogProbAll, myLogProbSome, s2Tilde, zi
thin2 = 1: eta
|-------------|-------------|-------------|-------------|
|-------------------------------------------------------|
WAIC was disabled based on the 'enableWAIC = FALSE'. You may be able to use the 'calculateWAIC' function.
===== Monitors =====
thin = 1: alpha, beta, muTilde, myLogLik, myLogProbAll, myLogProbSome, s2Tilde, zi
===== Samplers =====
RW sampler (125)
  - beta.tmp[]  (25 elements)
  - eta[]  (100 elements)
posterior_predictive sampler (3)
  - myLogProbAll
  - myLogProbSome
  - myLogLik
CRP_concentration sampler (1)
  - alpha
CRP_cluster_wrapper sampler (100)
  - muTilde[]  (50 elements)
  - s2Tilde[]  (50 elements)
CRP sampler (1)
  - zi[1:100] 
thin = 1: alpha, beta, muTilde, myLogLik, myLogProbAll, myLogProbSome, s2Tilde, zi
thin2 = 1: eta
|-------------|-------------|-------------|-------------|
|-------------------------------------------------------|
WAIC was disabled based on the 'enableWAIC = FALSE'. You may be able to use the 'calculateWAIC' function.
Defining model
Building model
Setting data and initial values
Running calculate on model
  [Note] Any error reports that follow may simply reflect missing values in model variables.
Checking model sizes and dimensions
Compiling
  [Note] This may take a minute.
  [Note] Use 'showCompilerOutput = TRUE' to see C++ compilation details.
Compiling
  [Note] This may take a minute.
  [Note] Use 'showCompilerOutput = TRUE' to see C++ compilation details.
running chain 1...
Defining model
Building model
Setting data and initial values
Running calculate on model
  [Note] Any error reports that follow may simply reflect missing values in model variables.
Checking model sizes and dimensions
  [Warning] sampler_CRP: The number of clusters based on the cluster parameters
            is less than the number of potential clusters. The MCMC is not
            strictly valid if it ever proposes more components than cluster
            parameters exist; NIMBLE will warn you if this occurs.
Compiling
  [Note] This may take a minute.
  [Note] Use 'showCompilerOutput = TRUE' to see C++ compilation details.
Compiling
  [Note] This may take a minute.
  [Note] Use 'showCompilerOutput = TRUE' to see C++ compilation details.
running chain 1...
Defining model
Building model
Setting data and initial values
Running calculate on model
  [Note] Any error reports that follow may simply reflect missing values in model variables.
Checking model sizes and dimensions
  [Warning] sampler_CRP: The number of clusters based on the cluster parameters
            is less than the number of potential clusters. The MCMC is not
            strictly valid if it ever proposes more components than cluster
            parameters exist; NIMBLE will warn you if this occurs.
Compiling
  [Note] This may take a minute.
  [Note] Use 'showCompilerOutput = TRUE' to see C++ compilation details.
Compiling
  [Note] This may take a minute.
  [Note] Use 'showCompilerOutput = TRUE' to see C++ compilation details.
running chain 1...
===== Monitors =====
thin = 1: beta, mu, myLogLik, myLogProbAll, myLogProbSome, s2.eta
===== Samplers =====
RW sampler (125)
  - beta.tmp[]  (25 elements)
  - eta[]  (100 elements)
posterior_predictive sampler (3)
  - myLogProbAll
  - myLogProbSome
  - myLogLik
conjugate sampler (2)
  - mu
  - s2.eta
thin = 1: beta, mu, myLogLik, myLogProbAll, myLogProbSome, s2.eta
thin2 = 1: eta
|-------------|-------------|-------------|-------------|
|-------------------------------------------------------|
WAIC was disabled based on the 'enableWAIC = FALSE'. You may be able to use the 'calculateWAIC' function.
===== Monitors =====
thin = 1: alpha, beta, muTilde, myLogLik, myLogProbAll, myLogProbSome, s2Tilde, zi
===== Samplers =====
RW sampler (125)
  - beta.tmp[]  (25 elements)
  - eta[]  (100 elements)
posterior_predictive sampler (3)
  - myLogProbAll
  - myLogProbSome
  - myLogLik
CRP_concentration sampler (1)
  - alpha
CRP_cluster_wrapper sampler (100)
  - muTilde[]  (50 elements)
  - s2Tilde[]  (50 elements)
CRP sampler (1)
  - zi[1:100] 
thin = 1: alpha, beta, muTilde, myLogLik, myLogProbAll, myLogProbSome, s2Tilde, zi
thin2 = 1: eta
|-------------|-------------|-------------|-------------|
|-------------------------------------------------------|
WAIC was disabled based on the 'enableWAIC = FALSE'. You may be able to use the 'calculateWAIC' function.
===== Monitors =====
thin = 1: alpha, beta, muTilde, myLogLik, myLogProbAll, myLogProbSome, s2Tilde, zi
===== Samplers =====
RW sampler (125)
  - beta.tmp[]  (25 elements)
  - eta[]  (100 elements)
posterior_predictive sampler (3)
  - myLogProbAll
  - myLogProbSome
  - myLogLik
CRP_concentration sampler (1)
  - alpha
CRP_cluster_wrapper sampler (100)
  - muTilde[]  (50 elements)
  - s2Tilde[]  (50 elements)
CRP sampler (1)
  - zi[1:100] 
thin = 1: alpha, beta, muTilde, myLogLik, myLogProbAll, myLogProbSome, s2Tilde, zi
thin2 = 1: eta
|-------------|-------------|-------------|-------------|
|-------------------------------------------------------|
WAIC was disabled based on the 'enableWAIC = FALSE'. You may be able to use the 'calculateWAIC' function.
Defining model
Building model
Setting data and initial values
Running calculate on model
  [Note] Any error reports that follow may simply reflect missing values in model variables.
Checking model sizes and dimensions
Compiling
  [Note] This may take a minute.
  [Note] Use 'showCompilerOutput = TRUE' to see C++ compilation details.
Compiling
  [Note] This may take a minute.
  [Note] Use 'showCompilerOutput = TRUE' to see C++ compilation details.
running chain 1...
Defining model
Building model
Setting data and initial values
Running calculate on model
  [Note] Any error reports that follow may simply reflect missing values in model variables.
Checking model sizes and dimensions
  [Warning] sampler_CRP: The number of clusters based on the cluster parameters
            is less than the number of potential clusters. The MCMC is not
            strictly valid if it ever proposes more components than cluster
            parameters exist; NIMBLE will warn you if this occurs.
Compiling
  [Note] This may take a minute.
  [Note] Use 'showCompilerOutput = TRUE' to see C++ compilation details.
Compiling
  [Note] This may take a minute.
  [Note] Use 'showCompilerOutput = TRUE' to see C++ compilation details.
running chain 1...
Defining model
Building model
Setting data and initial values
Running calculate on model
  [Note] Any error reports that follow may simply reflect missing values in model variables.
Checking model sizes and dimensions
  [Warning] sampler_CRP: The number of clusters based on the cluster parameters
            is less than the number of potential clusters. The MCMC is not
            strictly valid if it ever proposes more components than cluster
            parameters exist; NIMBLE will warn you if this occurs.
Compiling
  [Note] This may take a minute.
  [Note] Use 'showCompilerOutput = TRUE' to see C++ compilation details.
Compiling
  [Note] This may take a minute.
  [Note] Use 'showCompilerOutput = TRUE' to see C++ compilation details.
running chain 1...
    rep 1: 394.6 sec
    rep 2: 385.7 sec
    rep 3: 376.7 sec
    Wall-clock: 398.1 sec (3 reps parallel)
[2/4] rasch bimodal N=200 rho=0.80 (id=34) -- 3 reps remaining
===== Monitors =====
thin = 1: beta, mu, myLogLik, myLogProbAll, myLogProbSome, s2.eta
===== Samplers =====
RW sampler (225)
  - beta.tmp[]  (25 elements)
  - eta[]  (200 elements)
posterior_predictive sampler (3)
  - myLogProbAll
  - myLogProbSome
  - myLogLik
conjugate sampler (2)
  - mu
  - s2.eta
thin = 1: beta, mu, myLogLik, myLogProbAll, myLogProbSome, s2.eta
thin2 = 1: eta
|-------------|-------------|-------------|-------------|
|-------------------------------------------------------|
WAIC was disabled based on the 'enableWAIC = FALSE'. You may be able to use the 'calculateWAIC' function.
===== Monitors =====
thin = 1: alpha, beta, muTilde, myLogLik, myLogProbAll, myLogProbSome, s2Tilde, zi
===== Samplers =====
RW sampler (225)
  - beta.tmp[]  (25 elements)
  - eta[]  (200 elements)
posterior_predictive sampler (3)
  - myLogProbAll
  - myLogProbSome
  - myLogLik
CRP_concentration sampler (1)
  - alpha
CRP_cluster_wrapper sampler (100)
  - muTilde[]  (50 elements)
  - s2Tilde[]  (50 elements)
CRP sampler (1)
  - zi[1:200] 
thin = 1: alpha, beta, muTilde, myLogLik, myLogProbAll, myLogProbSome, s2Tilde, zi
thin2 = 1: eta
|-------------|-------------|-------------|-------------|
|-------------------------------------------------------|
WAIC was disabled based on the 'enableWAIC = FALSE'. You may be able to use the 'calculateWAIC' function.
===== Monitors =====
thin = 1: alpha, beta, muTilde, myLogLik, myLogProbAll, myLogProbSome, s2Tilde, zi
===== Samplers =====
RW sampler (225)
  - beta.tmp[]  (25 elements)
  - eta[]  (200 elements)
posterior_predictive sampler (3)
  - myLogProbAll
  - myLogProbSome
  - myLogLik
CRP_concentration sampler (1)
  - alpha
CRP_cluster_wrapper sampler (100)
  - muTilde[]  (50 elements)
  - s2Tilde[]  (50 elements)
CRP sampler (1)
  - zi[1:200] 
thin = 1: alpha, beta, muTilde, myLogLik, myLogProbAll, myLogProbSome, s2Tilde, zi
thin2 = 1: eta
|-------------|-------------|-------------|-------------|
|-------------------------------------------------------|
WAIC was disabled based on the 'enableWAIC = FALSE'. You may be able to use the 'calculateWAIC' function.
Defining model
Building model
Setting data and initial values
Running calculate on model
  [Note] Any error reports that follow may simply reflect missing values in model variables.
Checking model sizes and dimensions
Compiling
  [Note] This may take a minute.
  [Note] Use 'showCompilerOutput = TRUE' to see C++ compilation details.
Compiling
  [Note] This may take a minute.
  [Note] Use 'showCompilerOutput = TRUE' to see C++ compilation details.
running chain 1...
Defining model
Building model
Setting data and initial values
Running calculate on model
  [Note] Any error reports that follow may simply reflect missing values in model variables.
Checking model sizes and dimensions
  [Warning] sampler_CRP: The number of clusters based on the cluster parameters
            is less than the number of potential clusters. The MCMC is not
            strictly valid if it ever proposes more components than cluster
            parameters exist; NIMBLE will warn you if this occurs.
Compiling
  [Note] This may take a minute.
  [Note] Use 'showCompilerOutput = TRUE' to see C++ compilation details.
Compiling
  [Note] This may take a minute.
  [Note] Use 'showCompilerOutput = TRUE' to see C++ compilation details.
running chain 1...
Defining model
Building model
Setting data and initial values
Running calculate on model
  [Note] Any error reports that follow may simply reflect missing values in model variables.
Checking model sizes and dimensions
  [Warning] sampler_CRP: The number of clusters based on the cluster parameters
            is less than the number of potential clusters. The MCMC is not
            strictly valid if it ever proposes more components than cluster
            parameters exist; NIMBLE will warn you if this occurs.
Compiling
  [Note] This may take a minute.
  [Note] Use 'showCompilerOutput = TRUE' to see C++ compilation details.
Compiling
  [Note] This may take a minute.
  [Note] Use 'showCompilerOutput = TRUE' to see C++ compilation details.
running chain 1...
===== Monitors =====
thin = 1: beta, mu, myLogLik, myLogProbAll, myLogProbSome, s2.eta
===== Samplers =====
RW sampler (225)
  - beta.tmp[]  (25 elements)
  - eta[]  (200 elements)
posterior_predictive sampler (3)
  - myLogProbAll
  - myLogProbSome
  - myLogLik
conjugate sampler (2)
  - mu
  - s2.eta
thin = 1: beta, mu, myLogLik, myLogProbAll, myLogProbSome, s2.eta
thin2 = 1: eta
|-------------|-------------|-------------|-------------|
|-------------------------------------------------------|
WAIC was disabled based on the 'enableWAIC = FALSE'. You may be able to use the 'calculateWAIC' function.
===== Monitors =====
thin = 1: alpha, beta, muTilde, myLogLik, myLogProbAll, myLogProbSome, s2Tilde, zi
===== Samplers =====
RW sampler (225)
  - beta.tmp[]  (25 elements)
  - eta[]  (200 elements)
posterior_predictive sampler (3)
  - myLogProbAll
  - myLogProbSome
  - myLogLik
CRP_concentration sampler (1)
  - alpha
CRP_cluster_wrapper sampler (100)
  - muTilde[]  (50 elements)
  - s2Tilde[]  (50 elements)
CRP sampler (1)
  - zi[1:200] 
thin = 1: alpha, beta, muTilde, myLogLik, myLogProbAll, myLogProbSome, s2Tilde, zi
thin2 = 1: eta
|-------------|-------------|-------------|-------------|
|-------------------------------------------------------|
WAIC was disabled based on the 'enableWAIC = FALSE'. You may be able to use the 'calculateWAIC' function.
===== Monitors =====
thin = 1: alpha, beta, muTilde, myLogLik, myLogProbAll, myLogProbSome, s2Tilde, zi
===== Samplers =====
RW sampler (225)
  - beta.tmp[]  (25 elements)
  - eta[]  (200 elements)
posterior_predictive sampler (3)
  - myLogProbAll
  - myLogProbSome
  - myLogLik
CRP_concentration sampler (1)
  - alpha
CRP_cluster_wrapper sampler (100)
  - muTilde[]  (50 elements)
  - s2Tilde[]  (50 elements)
CRP sampler (1)
  - zi[1:200] 
thin = 1: alpha, beta, muTilde, myLogLik, myLogProbAll, myLogProbSome, s2Tilde, zi
thin2 = 1: eta
|-------------|-------------|-------------|-------------|
|-------------------------------------------------------|
WAIC was disabled based on the 'enableWAIC = FALSE'. You may be able to use the 'calculateWAIC' function.
Defining model
Building model
Setting data and initial values
Running calculate on model
  [Note] Any error reports that follow may simply reflect missing values in model variables.
Checking model sizes and dimensions
Compiling
  [Note] This may take a minute.
  [Note] Use 'showCompilerOutput = TRUE' to see C++ compilation details.
Compiling
  [Note] This may take a minute.
  [Note] Use 'showCompilerOutput = TRUE' to see C++ compilation details.
running chain 1...
Defining model
Building model
Setting data and initial values
Running calculate on model
  [Note] Any error reports that follow may simply reflect missing values in model variables.
Checking model sizes and dimensions
  [Warning] sampler_CRP: The number of clusters based on the cluster parameters
            is less than the number of potential clusters. The MCMC is not
            strictly valid if it ever proposes more components than cluster
            parameters exist; NIMBLE will warn you if this occurs.
Compiling
  [Note] This may take a minute.
  [Note] Use 'showCompilerOutput = TRUE' to see C++ compilation details.
Compiling
  [Note] This may take a minute.
  [Note] Use 'showCompilerOutput = TRUE' to see C++ compilation details.
running chain 1...
Defining model
Building model
Setting data and initial values
Running calculate on model
  [Note] Any error reports that follow may simply reflect missing values in model variables.
Checking model sizes and dimensions
  [Warning] sampler_CRP: The number of clusters based on the cluster parameters
            is less than the number of potential clusters. The MCMC is not
            strictly valid if it ever proposes more components than cluster
            parameters exist; NIMBLE will warn you if this occurs.
Compiling
  [Note] This may take a minute.
  [Note] Use 'showCompilerOutput = TRUE' to see C++ compilation details.
Compiling
  [Note] This may take a minute.
  [Note] Use 'showCompilerOutput = TRUE' to see C++ compilation details.
running chain 1...
===== Monitors =====
thin = 1: beta, mu, myLogLik, myLogProbAll, myLogProbSome, s2.eta
===== Samplers =====
RW sampler (225)
  - beta.tmp[]  (25 elements)
  - eta[]  (200 elements)
posterior_predictive sampler (3)
  - myLogProbAll
  - myLogProbSome
  - myLogLik
conjugate sampler (2)
  - mu
  - s2.eta
thin = 1: beta, mu, myLogLik, myLogProbAll, myLogProbSome, s2.eta
thin2 = 1: eta
|-------------|-------------|-------------|-------------|
|-------------------------------------------------------|
WAIC was disabled based on the 'enableWAIC = FALSE'. You may be able to use the 'calculateWAIC' function.
===== Monitors =====
thin = 1: alpha, beta, muTilde, myLogLik, myLogProbAll, myLogProbSome, s2Tilde, zi
===== Samplers =====
RW sampler (225)
  - beta.tmp[]  (25 elements)
  - eta[]  (200 elements)
posterior_predictive sampler (3)
  - myLogProbAll
  - myLogProbSome
  - myLogLik
CRP_concentration sampler (1)
  - alpha
CRP_cluster_wrapper sampler (100)
  - muTilde[]  (50 elements)
  - s2Tilde[]  (50 elements)
CRP sampler (1)
  - zi[1:200] 
thin = 1: alpha, beta, muTilde, myLogLik, myLogProbAll, myLogProbSome, s2Tilde, zi
thin2 = 1: eta
|-------------|-------------|-------------|-------------|
|-------------------------------------------------------|
WAIC was disabled based on the 'enableWAIC = FALSE'. You may be able to use the 'calculateWAIC' function.
===== Monitors =====
thin = 1: alpha, beta, muTilde, myLogLik, myLogProbAll, myLogProbSome, s2Tilde, zi
===== Samplers =====
RW sampler (225)
  - beta.tmp[]  (25 elements)
  - eta[]  (200 elements)
posterior_predictive sampler (3)
  - myLogProbAll
  - myLogProbSome
  - myLogLik
CRP_concentration sampler (1)
  - alpha
CRP_cluster_wrapper sampler (100)
  - muTilde[]  (50 elements)
  - s2Tilde[]  (50 elements)
CRP sampler (1)
  - zi[1:200] 
thin = 1: alpha, beta, muTilde, myLogLik, myLogProbAll, myLogProbSome, s2Tilde, zi
thin2 = 1: eta
|-------------|-------------|-------------|-------------|
|-------------------------------------------------------|
WAIC was disabled based on the 'enableWAIC = FALSE'. You may be able to use the 'calculateWAIC' function.
Defining model
Building model
Setting data and initial values
Running calculate on model
  [Note] Any error reports that follow may simply reflect missing values in model variables.
Checking model sizes and dimensions
Compiling
  [Note] This may take a minute.
  [Note] Use 'showCompilerOutput = TRUE' to see C++ compilation details.
Compiling
  [Note] This may take a minute.
  [Note] Use 'showCompilerOutput = TRUE' to see C++ compilation details.
running chain 1...
Defining model
Building model
Setting data and initial values
Running calculate on model
  [Note] Any error reports that follow may simply reflect missing values in model variables.
Checking model sizes and dimensions
  [Warning] sampler_CRP: The number of clusters based on the cluster parameters
            is less than the number of potential clusters. The MCMC is not
            strictly valid if it ever proposes more components than cluster
            parameters exist; NIMBLE will warn you if this occurs.
Compiling
  [Note] This may take a minute.
  [Note] Use 'showCompilerOutput = TRUE' to see C++ compilation details.
Compiling
  [Note] This may take a minute.
  [Note] Use 'showCompilerOutput = TRUE' to see C++ compilation details.
running chain 1...
Defining model
Building model
Setting data and initial values
Running calculate on model
  [Note] Any error reports that follow may simply reflect missing values in model variables.
Checking model sizes and dimensions
  [Warning] sampler_CRP: The number of clusters based on the cluster parameters
            is less than the number of potential clusters. The MCMC is not
            strictly valid if it ever proposes more components than cluster
            parameters exist; NIMBLE will warn you if this occurs.
Compiling
  [Note] This may take a minute.
  [Note] Use 'showCompilerOutput = TRUE' to see C++ compilation details.
Compiling
  [Note] This may take a minute.
  [Note] Use 'showCompilerOutput = TRUE' to see C++ compilation details.
running chain 1...
    rep 1: 650.4 sec
    rep 2: 676.9 sec
    rep 3: 633.9 sec
    Wall-clock: 677.6 sec (3 reps parallel)
[3/4] 2pl normal N=100 rho=0.50 (id=66) -- 3 reps remaining
===== Monitors =====
thin = 1: beta, lambda, mu, myLogLik, myLogProbAll, myLogProbSome, s2.eta
===== Samplers =====
RW sampler (150)
  - log_lambda[]  (25 elements)
  - beta[]  (25 elements)
  - eta[]  (100 elements)
posterior_predictive sampler (3)
  - myLogProbAll
  - myLogProbSome
  - myLogLik
conjugate sampler (2)
  - mu
  - s2.eta
thin = 1: beta, lambda, mu, myLogLik, myLogProbAll, myLogProbSome, s2.eta
thin2 = 1: eta
|-------------|-------------|-------------|-------------|
|-------------------------------------------------------|
WAIC was disabled based on the 'enableWAIC = FALSE'. You may be able to use the 'calculateWAIC' function.
===== Monitors =====
thin = 1: alpha, beta, lambda, muTilde, myLogLik, myLogProbAll, myLogProbSome, s2Tilde, zi
===== Samplers =====
RW sampler (150)
  - log_lambda[]  (25 elements)
  - beta[]  (25 elements)
  - eta[]  (100 elements)
posterior_predictive sampler (3)
  - myLogProbAll
  - myLogProbSome
  - myLogLik
CRP_concentration sampler (1)
  - alpha
CRP_cluster_wrapper sampler (100)
  - muTilde[]  (50 elements)
  - s2Tilde[]  (50 elements)
CRP sampler (1)
  - zi[1:100] 
thin = 1: alpha, beta, lambda, muTilde, myLogLik, myLogProbAll, myLogProbSome, s2Tilde, zi
thin2 = 1: eta
|-------------|-------------|-------------|-------------|
|-------------------------------------------------------|
WAIC was disabled based on the 'enableWAIC = FALSE'. You may be able to use the 'calculateWAIC' function.
===== Monitors =====
thin = 1: alpha, beta, lambda, muTilde, myLogLik, myLogProbAll, myLogProbSome, s2Tilde, zi
===== Samplers =====
RW sampler (150)
  - log_lambda[]  (25 elements)
  - beta[]  (25 elements)
  - eta[]  (100 elements)
posterior_predictive sampler (3)
  - myLogProbAll
  - myLogProbSome
  - myLogLik
CRP_concentration sampler (1)
  - alpha
CRP_cluster_wrapper sampler (100)
  - muTilde[]  (50 elements)
  - s2Tilde[]  (50 elements)
CRP sampler (1)
  - zi[1:100] 
thin = 1: alpha, beta, lambda, muTilde, myLogLik, myLogProbAll, myLogProbSome, s2Tilde, zi
thin2 = 1: eta
|-------------|-------------|-------------|-------------|
|-------------------------------------------------------|
WAIC was disabled based on the 'enableWAIC = FALSE'. You may be able to use the 'calculateWAIC' function.
Defining model
Building model
Setting data and initial values
Running calculate on model
  [Note] Any error reports that follow may simply reflect missing values in model variables.
Checking model sizes and dimensions
  [Note] This model is not fully initialized. This is not an error.
         To see which variables are not initialized, use model$initializeInfo().
         For more information on model initialization, see help(modelInitialization).
Compiling
  [Note] This may take a minute.
  [Note] Use 'showCompilerOutput = TRUE' to see C++ compilation details.
Compiling
  [Note] This may take a minute.
  [Note] Use 'showCompilerOutput = TRUE' to see C++ compilation details.
running chain 1...
Defining model
Building model
Setting data and initial values
Running calculate on model
  [Note] Any error reports that follow may simply reflect missing values in model variables.
Checking model sizes and dimensions
  [Note] This model is not fully initialized. This is not an error.
         To see which variables are not initialized, use model$initializeInfo().
         For more information on model initialization, see help(modelInitialization).
  [Warning] sampler_CRP: The number of clusters based on the cluster parameters
            is less than the number of potential clusters. The MCMC is not
            strictly valid if it ever proposes more components than cluster
            parameters exist; NIMBLE will warn you if this occurs.
Compiling
  [Note] This may take a minute.
  [Note] Use 'showCompilerOutput = TRUE' to see C++ compilation details.
Compiling
  [Note] This may take a minute.
  [Note] Use 'showCompilerOutput = TRUE' to see C++ compilation details.
running chain 1...
Defining model
Building model
Setting data and initial values
Running calculate on model
  [Note] Any error reports that follow may simply reflect missing values in model variables.
Checking model sizes and dimensions
  [Note] This model is not fully initialized. This is not an error.
         To see which variables are not initialized, use model$initializeInfo().
         For more information on model initialization, see help(modelInitialization).
  [Warning] sampler_CRP: The number of clusters based on the cluster parameters
            is less than the number of potential clusters. The MCMC is not
            strictly valid if it ever proposes more components than cluster
            parameters exist; NIMBLE will warn you if this occurs.
Compiling
  [Note] This may take a minute.
  [Note] Use 'showCompilerOutput = TRUE' to see C++ compilation details.
Compiling
  [Note] This may take a minute.
  [Note] Use 'showCompilerOutput = TRUE' to see C++ compilation details.
running chain 1...
===== Monitors =====
thin = 1: beta, lambda, mu, myLogLik, myLogProbAll, myLogProbSome, s2.eta
===== Samplers =====
RW sampler (150)
  - log_lambda[]  (25 elements)
  - beta[]  (25 elements)
  - eta[]  (100 elements)
posterior_predictive sampler (3)
  - myLogProbAll
  - myLogProbSome
  - myLogLik
conjugate sampler (2)
  - mu
  - s2.eta
thin = 1: beta, lambda, mu, myLogLik, myLogProbAll, myLogProbSome, s2.eta
thin2 = 1: eta
|-------------|-------------|-------------|-------------|
|-------------------------------------------------------|
WAIC was disabled based on the 'enableWAIC = FALSE'. You may be able to use the 'calculateWAIC' function.
===== Monitors =====
thin = 1: alpha, beta, lambda, muTilde, myLogLik, myLogProbAll, myLogProbSome, s2Tilde, zi
===== Samplers =====
RW sampler (150)
  - log_lambda[]  (25 elements)
  - beta[]  (25 elements)
  - eta[]  (100 elements)
posterior_predictive sampler (3)
  - myLogProbAll
  - myLogProbSome
  - myLogLik
CRP_concentration sampler (1)
  - alpha
CRP_cluster_wrapper sampler (100)
  - muTilde[]  (50 elements)
  - s2Tilde[]  (50 elements)
CRP sampler (1)
  - zi[1:100] 
thin = 1: alpha, beta, lambda, muTilde, myLogLik, myLogProbAll, myLogProbSome, s2Tilde, zi
thin2 = 1: eta
|-------------|-------------|-------------|-------------|
|-------------------------------------------------------|
WAIC was disabled based on the 'enableWAIC = FALSE'. You may be able to use the 'calculateWAIC' function.
===== Monitors =====
thin = 1: alpha, beta, lambda, muTilde, myLogLik, myLogProbAll, myLogProbSome, s2Tilde, zi
===== Samplers =====
RW sampler (150)
  - log_lambda[]  (25 elements)
  - beta[]  (25 elements)
  - eta[]  (100 elements)
posterior_predictive sampler (3)
  - myLogProbAll
  - myLogProbSome
  - myLogLik
CRP_concentration sampler (1)
  - alpha
CRP_cluster_wrapper sampler (100)
  - muTilde[]  (50 elements)
  - s2Tilde[]  (50 elements)
CRP sampler (1)
  - zi[1:100] 
thin = 1: alpha, beta, lambda, muTilde, myLogLik, myLogProbAll, myLogProbSome, s2Tilde, zi
thin2 = 1: eta
|-------------|-------------|-------------|-------------|
|-------------------------------------------------------|
WAIC was disabled based on the 'enableWAIC = FALSE'. You may be able to use the 'calculateWAIC' function.
Defining model
Building model
Setting data and initial values
Running calculate on model
  [Note] Any error reports that follow may simply reflect missing values in model variables.
Checking model sizes and dimensions
  [Note] This model is not fully initialized. This is not an error.
         To see which variables are not initialized, use model$initializeInfo().
         For more information on model initialization, see help(modelInitialization).
Compiling
  [Note] This may take a minute.
  [Note] Use 'showCompilerOutput = TRUE' to see C++ compilation details.
Compiling
  [Note] This may take a minute.
  [Note] Use 'showCompilerOutput = TRUE' to see C++ compilation details.
running chain 1...
Defining model
Building model
Setting data and initial values
Running calculate on model
  [Note] Any error reports that follow may simply reflect missing values in model variables.
Checking model sizes and dimensions
  [Note] This model is not fully initialized. This is not an error.
         To see which variables are not initialized, use model$initializeInfo().
         For more information on model initialization, see help(modelInitialization).
  [Warning] sampler_CRP: The number of clusters based on the cluster parameters
            is less than the number of potential clusters. The MCMC is not
            strictly valid if it ever proposes more components than cluster
            parameters exist; NIMBLE will warn you if this occurs.
Compiling
  [Note] This may take a minute.
  [Note] Use 'showCompilerOutput = TRUE' to see C++ compilation details.
Compiling
  [Note] This may take a minute.
  [Note] Use 'showCompilerOutput = TRUE' to see C++ compilation details.
running chain 1...
Defining model
Building model
Setting data and initial values
Running calculate on model
  [Note] Any error reports that follow may simply reflect missing values in model variables.
Checking model sizes and dimensions
  [Note] This model is not fully initialized. This is not an error.
         To see which variables are not initialized, use model$initializeInfo().
         For more information on model initialization, see help(modelInitialization).
  [Warning] sampler_CRP: The number of clusters based on the cluster parameters
            is less than the number of potential clusters. The MCMC is not
            strictly valid if it ever proposes more components than cluster
            parameters exist; NIMBLE will warn you if this occurs.
Compiling
  [Note] This may take a minute.
  [Note] Use 'showCompilerOutput = TRUE' to see C++ compilation details.
Compiling
  [Note] This may take a minute.
  [Note] Use 'showCompilerOutput = TRUE' to see C++ compilation details.
running chain 1...
===== Monitors =====
thin = 1: beta, lambda, mu, myLogLik, myLogProbAll, myLogProbSome, s2.eta
===== Samplers =====
RW sampler (150)
  - log_lambda[]  (25 elements)
  - beta[]  (25 elements)
  - eta[]  (100 elements)
posterior_predictive sampler (3)
  - myLogProbAll
  - myLogProbSome
  - myLogLik
conjugate sampler (2)
  - mu
  - s2.eta
thin = 1: beta, lambda, mu, myLogLik, myLogProbAll, myLogProbSome, s2.eta
thin2 = 1: eta
|-------------|-------------|-------------|-------------|
|-------------------------------------------------------|
WAIC was disabled based on the 'enableWAIC = FALSE'. You may be able to use the 'calculateWAIC' function.
===== Monitors =====
thin = 1: alpha, beta, lambda, muTilde, myLogLik, myLogProbAll, myLogProbSome, s2Tilde, zi
===== Samplers =====
RW sampler (150)
  - log_lambda[]  (25 elements)
  - beta[]  (25 elements)
  - eta[]  (100 elements)
posterior_predictive sampler (3)
  - myLogProbAll
  - myLogProbSome
  - myLogLik
CRP_concentration sampler (1)
  - alpha
CRP_cluster_wrapper sampler (100)
  - muTilde[]  (50 elements)
  - s2Tilde[]  (50 elements)
CRP sampler (1)
  - zi[1:100] 
thin = 1: alpha, beta, lambda, muTilde, myLogLik, myLogProbAll, myLogProbSome, s2Tilde, zi
thin2 = 1: eta
|-------------|-------------|-------------|-------------|
|-------------------------------------------------------|
WAIC was disabled based on the 'enableWAIC = FALSE'. You may be able to use the 'calculateWAIC' function.
===== Monitors =====
thin = 1: alpha, beta, lambda, muTilde, myLogLik, myLogProbAll, myLogProbSome, s2Tilde, zi
===== Samplers =====
RW sampler (150)
  - log_lambda[]  (25 elements)
  - beta[]  (25 elements)
  - eta[]  (100 elements)
posterior_predictive sampler (3)
  - myLogProbAll
  - myLogProbSome
  - myLogLik
CRP_concentration sampler (1)
  - alpha
CRP_cluster_wrapper sampler (100)
  - muTilde[]  (50 elements)
  - s2Tilde[]  (50 elements)
CRP sampler (1)
  - zi[1:100] 
thin = 1: alpha, beta, lambda, muTilde, myLogLik, myLogProbAll, myLogProbSome, s2Tilde, zi
thin2 = 1: eta
|-------------|-------------|-------------|-------------|
|-------------------------------------------------------|
WAIC was disabled based on the 'enableWAIC = FALSE'. You may be able to use the 'calculateWAIC' function.
Defining model
Building model
Setting data and initial values
Running calculate on model
  [Note] Any error reports that follow may simply reflect missing values in model variables.
Checking model sizes and dimensions
  [Note] This model is not fully initialized. This is not an error.
         To see which variables are not initialized, use model$initializeInfo().
         For more information on model initialization, see help(modelInitialization).
Compiling
  [Note] This may take a minute.
  [Note] Use 'showCompilerOutput = TRUE' to see C++ compilation details.
Compiling
  [Note] This may take a minute.
  [Note] Use 'showCompilerOutput = TRUE' to see C++ compilation details.
running chain 1...
Defining model
Building model
Setting data and initial values
Running calculate on model
  [Note] Any error reports that follow may simply reflect missing values in model variables.
Checking model sizes and dimensions
  [Note] This model is not fully initialized. This is not an error.
         To see which variables are not initialized, use model$initializeInfo().
         For more information on model initialization, see help(modelInitialization).
  [Warning] sampler_CRP: The number of clusters based on the cluster parameters
            is less than the number of potential clusters. The MCMC is not
            strictly valid if it ever proposes more components than cluster
            parameters exist; NIMBLE will warn you if this occurs.
Compiling
  [Note] This may take a minute.
  [Note] Use 'showCompilerOutput = TRUE' to see C++ compilation details.
Compiling
  [Note] This may take a minute.
  [Note] Use 'showCompilerOutput = TRUE' to see C++ compilation details.
running chain 1...
Defining model
Building model
Setting data and initial values
Running calculate on model
  [Note] Any error reports that follow may simply reflect missing values in model variables.
Checking model sizes and dimensions
  [Note] This model is not fully initialized. This is not an error.
         To see which variables are not initialized, use model$initializeInfo().
         For more information on model initialization, see help(modelInitialization).
  [Warning] sampler_CRP: The number of clusters based on the cluster parameters
            is less than the number of potential clusters. The MCMC is not
            strictly valid if it ever proposes more components than cluster
            parameters exist; NIMBLE will warn you if this occurs.
Compiling
  [Note] This may take a minute.
  [Note] Use 'showCompilerOutput = TRUE' to see C++ compilation details.
Compiling
  [Note] This may take a minute.
  [Note] Use 'showCompilerOutput = TRUE' to see C++ compilation details.
running chain 1...
    rep 1: 177.9 sec
    rep 2: 213.6 sec
    rep 3: 201.9 sec
    Wall-clock: 214.2 sec (3 reps parallel)
[4/4] 2pl skew_pos N=50 rho=0.90 (id=105) -- 3 reps remaining
===== Monitors =====
thin = 1: beta, lambda, mu, myLogLik, myLogProbAll, myLogProbSome, s2.eta
===== Samplers =====
RW sampler (100)
  - log_lambda[]  (25 elements)
  - beta[]  (25 elements)
  - eta[]  (50 elements)
posterior_predictive sampler (3)
  - myLogProbAll
  - myLogProbSome
  - myLogLik
conjugate sampler (2)
  - mu
  - s2.eta
thin = 1: beta, lambda, mu, myLogLik, myLogProbAll, myLogProbSome, s2.eta
thin2 = 1: eta
|-------------|-------------|-------------|-------------|
|-------------------------------------------------------|
WAIC was disabled based on the 'enableWAIC = FALSE'. You may be able to use the 'calculateWAIC' function.
===== Monitors =====
thin = 1: alpha, beta, lambda, muTilde, myLogLik, myLogProbAll, myLogProbSome, s2Tilde, zi
===== Samplers =====
RW sampler (100)
  - log_lambda[]  (25 elements)
  - beta[]  (25 elements)
  - eta[]  (50 elements)
posterior_predictive sampler (3)
  - myLogProbAll
  - myLogProbSome
  - myLogLik
CRP_concentration sampler (1)
  - alpha
CRP_cluster_wrapper sampler (100)
  - muTilde[]  (50 elements)
  - s2Tilde[]  (50 elements)
CRP sampler (1)
  - zi[1:50] 
thin = 1: alpha, beta, lambda, muTilde, myLogLik, myLogProbAll, myLogProbSome, s2Tilde, zi
thin2 = 1: eta
|-------------|-------------|-------------|-------------|
|-------------------------------------------------------|
WAIC was disabled based on the 'enableWAIC = FALSE'. You may be able to use the 'calculateWAIC' function.
===== Monitors =====
thin = 1: alpha, beta, lambda, muTilde, myLogLik, myLogProbAll, myLogProbSome, s2Tilde, zi
===== Samplers =====
RW sampler (100)
  - log_lambda[]  (25 elements)
  - beta[]  (25 elements)
  - eta[]  (50 elements)
posterior_predictive sampler (3)
  - myLogProbAll
  - myLogProbSome
  - myLogLik
CRP_concentration sampler (1)
  - alpha
CRP_cluster_wrapper sampler (100)
  - muTilde[]  (50 elements)
  - s2Tilde[]  (50 elements)
CRP sampler (1)
  - zi[1:50] 
thin = 1: alpha, beta, lambda, muTilde, myLogLik, myLogProbAll, myLogProbSome, s2Tilde, zi
thin2 = 1: eta
|-------------|-------------|-------------|-------------|
|-------------------------------------------------------|
WAIC was disabled based on the 'enableWAIC = FALSE'. You may be able to use the 'calculateWAIC' function.
Defining model
Building model
Setting data and initial values
Running calculate on model
  [Note] Any error reports that follow may simply reflect missing values in model variables.
Checking model sizes and dimensions
  [Note] This model is not fully initialized. This is not an error.
         To see which variables are not initialized, use model$initializeInfo().
         For more information on model initialization, see help(modelInitialization).
Compiling
  [Note] This may take a minute.
  [Note] Use 'showCompilerOutput = TRUE' to see C++ compilation details.
Compiling
  [Note] This may take a minute.
  [Note] Use 'showCompilerOutput = TRUE' to see C++ compilation details.
running chain 1...
Defining model
Building model
Setting data and initial values
Running calculate on model
  [Note] Any error reports that follow may simply reflect missing values in model variables.
Checking model sizes and dimensions
  [Note] This model is not fully initialized. This is not an error.
         To see which variables are not initialized, use model$initializeInfo().
         For more information on model initialization, see help(modelInitialization).
Compiling
  [Note] This may take a minute.
  [Note] Use 'showCompilerOutput = TRUE' to see C++ compilation details.
Compiling
  [Note] This may take a minute.
  [Note] Use 'showCompilerOutput = TRUE' to see C++ compilation details.
running chain 1...
Defining model
Building model
Setting data and initial values
Running calculate on model
  [Note] Any error reports that follow may simply reflect missing values in model variables.
Checking model sizes and dimensions
  [Note] This model is not fully initialized. This is not an error.
         To see which variables are not initialized, use model$initializeInfo().
         For more information on model initialization, see help(modelInitialization).
Compiling
  [Note] This may take a minute.
  [Note] Use 'showCompilerOutput = TRUE' to see C++ compilation details.
Compiling
  [Note] This may take a minute.
  [Note] Use 'showCompilerOutput = TRUE' to see C++ compilation details.
running chain 1...
===== Monitors =====
thin = 1: beta, lambda, mu, myLogLik, myLogProbAll, myLogProbSome, s2.eta
===== Samplers =====
RW sampler (100)
  - log_lambda[]  (25 elements)
  - beta[]  (25 elements)
  - eta[]  (50 elements)
posterior_predictive sampler (3)
  - myLogProbAll
  - myLogProbSome
  - myLogLik
conjugate sampler (2)
  - mu
  - s2.eta
thin = 1: beta, lambda, mu, myLogLik, myLogProbAll, myLogProbSome, s2.eta
thin2 = 1: eta
|-------------|-------------|-------------|-------------|
|-------------------------------------------------------|
WAIC was disabled based on the 'enableWAIC = FALSE'. You may be able to use the 'calculateWAIC' function.
===== Monitors =====
thin = 1: alpha, beta, lambda, muTilde, myLogLik, myLogProbAll, myLogProbSome, s2Tilde, zi
===== Samplers =====
RW sampler (100)
  - log_lambda[]  (25 elements)
  - beta[]  (25 elements)
  - eta[]  (50 elements)
posterior_predictive sampler (3)
  - myLogProbAll
  - myLogProbSome
  - myLogLik
CRP_concentration sampler (1)
  - alpha
CRP_cluster_wrapper sampler (100)
  - muTilde[]  (50 elements)
  - s2Tilde[]  (50 elements)
CRP sampler (1)
  - zi[1:50] 
thin = 1: alpha, beta, lambda, muTilde, myLogLik, myLogProbAll, myLogProbSome, s2Tilde, zi
thin2 = 1: eta
|-------------|-------------|-------------|-------------|
|-------------------------------------------------------|
WAIC was disabled based on the 'enableWAIC = FALSE'. You may be able to use the 'calculateWAIC' function.
===== Monitors =====
thin = 1: alpha, beta, lambda, muTilde, myLogLik, myLogProbAll, myLogProbSome, s2Tilde, zi
===== Samplers =====
RW sampler (100)
  - log_lambda[]  (25 elements)
  - beta[]  (25 elements)
  - eta[]  (50 elements)
posterior_predictive sampler (3)
  - myLogProbAll
  - myLogProbSome
  - myLogLik
CRP_concentration sampler (1)
  - alpha
CRP_cluster_wrapper sampler (100)
  - muTilde[]  (50 elements)
  - s2Tilde[]  (50 elements)
CRP sampler (1)
  - zi[1:50] 
thin = 1: alpha, beta, lambda, muTilde, myLogLik, myLogProbAll, myLogProbSome, s2Tilde, zi
thin2 = 1: eta
|-------------|-------------|-------------|-------------|
|-------------------------------------------------------|
WAIC was disabled based on the 'enableWAIC = FALSE'. You may be able to use the 'calculateWAIC' function.
Defining model
Building model
Setting data and initial values
Running calculate on model
  [Note] Any error reports that follow may simply reflect missing values in model variables.
Checking model sizes and dimensions
  [Note] This model is not fully initialized. This is not an error.
         To see which variables are not initialized, use model$initializeInfo().
         For more information on model initialization, see help(modelInitialization).
Compiling
  [Note] This may take a minute.
  [Note] Use 'showCompilerOutput = TRUE' to see C++ compilation details.
Compiling
  [Note] This may take a minute.
  [Note] Use 'showCompilerOutput = TRUE' to see C++ compilation details.
running chain 1...
Defining model
Building model
Setting data and initial values
Running calculate on model
  [Note] Any error reports that follow may simply reflect missing values in model variables.
Checking model sizes and dimensions
  [Note] This model is not fully initialized. This is not an error.
         To see which variables are not initialized, use model$initializeInfo().
         For more information on model initialization, see help(modelInitialization).
Compiling
  [Note] This may take a minute.
  [Note] Use 'showCompilerOutput = TRUE' to see C++ compilation details.
Compiling
  [Note] This may take a minute.
  [Note] Use 'showCompilerOutput = TRUE' to see C++ compilation details.
running chain 1...
Defining model
Building model
Setting data and initial values
Running calculate on model
  [Note] Any error reports that follow may simply reflect missing values in model variables.
Checking model sizes and dimensions
  [Note] This model is not fully initialized. This is not an error.
         To see which variables are not initialized, use model$initializeInfo().
         For more information on model initialization, see help(modelInitialization).
Compiling
  [Note] This may take a minute.
  [Note] Use 'showCompilerOutput = TRUE' to see C++ compilation details.
Compiling
  [Note] This may take a minute.
  [Note] Use 'showCompilerOutput = TRUE' to see C++ compilation details.
running chain 1...
===== Monitors =====
thin = 1: beta, lambda, mu, myLogLik, myLogProbAll, myLogProbSome, s2.eta
===== Samplers =====
RW sampler (100)
  - log_lambda[]  (25 elements)
  - beta[]  (25 elements)
  - eta[]  (50 elements)
posterior_predictive sampler (3)
  - myLogProbAll
  - myLogProbSome
  - myLogLik
conjugate sampler (2)
  - mu
  - s2.eta
thin = 1: beta, lambda, mu, myLogLik, myLogProbAll, myLogProbSome, s2.eta
thin2 = 1: eta
|-------------|-------------|-------------|-------------|
|-------------------------------------------------------|
WAIC was disabled based on the 'enableWAIC = FALSE'. You may be able to use the 'calculateWAIC' function.
===== Monitors =====
thin = 1: alpha, beta, lambda, muTilde, myLogLik, myLogProbAll, myLogProbSome, s2Tilde, zi
===== Samplers =====
RW sampler (100)
  - log_lambda[]  (25 elements)
  - beta[]  (25 elements)
  - eta[]  (50 elements)
posterior_predictive sampler (3)
  - myLogProbAll
  - myLogProbSome
  - myLogLik
CRP_concentration sampler (1)
  - alpha
CRP_cluster_wrapper sampler (100)
  - muTilde[]  (50 elements)
  - s2Tilde[]  (50 elements)
CRP sampler (1)
  - zi[1:50] 
thin = 1: alpha, beta, lambda, muTilde, myLogLik, myLogProbAll, myLogProbSome, s2Tilde, zi
thin2 = 1: eta
|-------------|-------------|-------------|-------------|
|-------------------------------------------------------|
WAIC was disabled based on the 'enableWAIC = FALSE'. You may be able to use the 'calculateWAIC' function.
===== Monitors =====
thin = 1: alpha, beta, lambda, muTilde, myLogLik, myLogProbAll, myLogProbSome, s2Tilde, zi
===== Samplers =====
RW sampler (100)
  - log_lambda[]  (25 elements)
  - beta[]  (25 elements)
  - eta[]  (50 elements)
posterior_predictive sampler (3)
  - myLogProbAll
  - myLogProbSome
  - myLogLik
CRP_concentration sampler (1)
  - alpha
CRP_cluster_wrapper sampler (100)
  - muTilde[]  (50 elements)
  - s2Tilde[]  (50 elements)
CRP sampler (1)
  - zi[1:50] 
thin = 1: alpha, beta, lambda, muTilde, myLogLik, myLogProbAll, myLogProbSome, s2Tilde, zi
thin2 = 1: eta
|-------------|-------------|-------------|-------------|
|-------------------------------------------------------|
WAIC was disabled based on the 'enableWAIC = FALSE'. You may be able to use the 'calculateWAIC' function.
Defining model
Building model
Setting data and initial values
Running calculate on model
  [Note] Any error reports that follow may simply reflect missing values in model variables.
Checking model sizes and dimensions
  [Note] This model is not fully initialized. This is not an error.
         To see which variables are not initialized, use model$initializeInfo().
         For more information on model initialization, see help(modelInitialization).
Compiling
  [Note] This may take a minute.
  [Note] Use 'showCompilerOutput = TRUE' to see C++ compilation details.
Compiling
  [Note] This may take a minute.
  [Note] Use 'showCompilerOutput = TRUE' to see C++ compilation details.
running chain 1...
Defining model
Building model
Setting data and initial values
Running calculate on model
  [Note] Any error reports that follow may simply reflect missing values in model variables.
Checking model sizes and dimensions
  [Note] This model is not fully initialized. This is not an error.
         To see which variables are not initialized, use model$initializeInfo().
         For more information on model initialization, see help(modelInitialization).
Compiling
  [Note] This may take a minute.
  [Note] Use 'showCompilerOutput = TRUE' to see C++ compilation details.
Compiling
  [Note] This may take a minute.
  [Note] Use 'showCompilerOutput = TRUE' to see C++ compilation details.
running chain 1...
Defining model
Building model
Setting data and initial values
Running calculate on model
  [Note] Any error reports that follow may simply reflect missing values in model variables.
Checking model sizes and dimensions
  [Note] This model is not fully initialized. This is not an error.
         To see which variables are not initialized, use model$initializeInfo().
         For more information on model initialization, see help(modelInitialization).
Compiling
  [Note] This may take a minute.
  [Note] Use 'showCompilerOutput = TRUE' to see C++ compilation details.
Compiling
  [Note] This may take a minute.
  [Note] Use 'showCompilerOutput = TRUE' to see C++ compilation details.
running chain 1...
    rep 1: 165.2 sec
    rep 2: 164.1 sec
    rep 3: 173.4 sec
    Wall-clock: 174.0 sec (3 reps parallel)

=== Simulation Complete ===
Fits completed: 36
Fits skipped:   0
Total time:     24.4 minutes

=== Compiling Results ===
Total result rows: 234
Results saved to output/results/

Done.
